<?xml version="1.0" encoding="UTF-8"?>
<coverage generated="1548622413180" clover="3.2.0">
  <project timestamp="1548622413180" name="All files">
    <metrics statements="83" coveredstatements="83" conditionals="46" coveredconditionals="44" methods="19" coveredmethods="19" elements="148" coveredelements="146" complexity="0" loc="83" ncloc="83" packages="5" files="8" classes="8">
      <package name="src">
        <metrics statements="2" coveredstatements="2" conditionals="0" coveredconditionals="0" methods="0" coveredmethods="0"/>
        <file name="setupTests.ts" path="/Users/przemektrzepinski/Documents/Workspace/react-typewriter/src/setupTests.ts">
          <metrics statements="2" coveredstatements="2" conditionals="0" coveredconditionals="0" methods="0" coveredmethods="0"/>
          <line num="1" count="2" type="stmt"/>
          <line num="2" count="2" type="stmt"/>
        </file>
      </package>
      <package name="src.components">
        <metrics statements="53" coveredstatements="53" conditionals="24" coveredconditionals="24" methods="16" coveredmethods="16"/>
        <file name="Text.tsx" path="/Users/przemektrzepinski/Documents/Workspace/react-typewriter/src/components/Text.tsx">
          <metrics statements="32" coveredstatements="32" conditionals="13" coveredconditionals="13" methods="10" coveredmethods="10"/>
          <line num="1" count="2" type="stmt"/>
          <line num="2" count="2" type="stmt"/>
          <line num="3" count="2" type="stmt"/>
          <line num="6" count="2" type="stmt"/>
          <line num="17" count="2" type="stmt"/>
          <line num="18" count="3098" type="stmt"/>
          <line num="19" count="15142" type="stmt"/>
          <line num="23" count="3098" type="cond" truecount="3" falsecount="0"/>
          <line num="24" count="2" type="stmt"/>
          <line num="28" count="2" type="stmt"/>
          <line num="35" count="3098" type="stmt"/>
          <line num="39" count="3098" type="stmt"/>
          <line num="40" count="3098" type="stmt"/>
          <line num="41" count="3098" type="stmt"/>
          <line num="43" count="3098" type="stmt"/>
          <line num="45" count="15142" type="stmt"/>
          <line num="49" count="3011" type="cond" truecount="2" falsecount="0"/>
          <line num="52" count="2" type="stmt"/>
          <line num="53" count="3098" type="stmt"/>
          <line num="56" count="3098" type="stmt"/>
          <line num="57" count="15142" type="stmt"/>
          <line num="58" count="15142" type="stmt"/>
          <line num="60" count="15142" type="stmt"/>
          <line num="62" count="4172" type="stmt"/>
          <line num="64" count="4117" type="stmt"/>
          <line num="67" count="6853" type="stmt"/>
          <line num="71" count="3098" type="stmt"/>
          <line num="72" count="15142" type="stmt"/>
          <line num="73" count="15142" type="cond" truecount="2" falsecount="0"/>
          <line num="76" count="2" type="stmt"/>
          <line num="77" count="18240" type="stmt"/>
          <line num="79" count="2" type="stmt"/>
        </file>
        <file name="TextAnimation.tsx" path="/Users/przemektrzepinski/Documents/Workspace/react-typewriter/src/components/TextAnimation.tsx">
          <metrics statements="14" coveredstatements="14" conditionals="5" coveredconditionals="5" methods="4" coveredmethods="4"/>
          <line num="1" count="1" type="stmt"/>
          <line num="3" count="1" type="stmt"/>
          <line num="5" count="1" type="stmt"/>
          <line num="20" count="1300" type="cond" truecount="3" falsecount="0"/>
          <line num="21" count="1" type="stmt"/>
          <line num="26" count="1300" type="stmt"/>
          <line num="30" count="1300" type="stmt"/>
          <line num="31" count="1229" type="stmt"/>
          <line num="35" count="1" type="stmt"/>
          <line num="36" count="2529" type="stmt"/>
          <line num="37" count="2529" type="stmt"/>
          <line num="38" count="2529" type="stmt"/>
          <line num="44" count="2529" type="stmt"/>
          <line num="58" count="1" type="stmt"/>
        </file>
        <file name="TextWrapper.tsx" path="/Users/przemektrzepinski/Documents/Workspace/react-typewriter/src/components/TextWrapper.tsx">
          <metrics statements="7" coveredstatements="7" conditionals="6" coveredconditionals="6" methods="2" coveredmethods="2"/>
          <line num="1" count="1" type="stmt"/>
          <line num="2" count="1" type="stmt"/>
          <line num="3" count="1" type="stmt"/>
          <line num="10" count="2498" type="stmt"/>
          <line num="13" count="2498" type="stmt"/>
          <line num="14" count="2498" type="stmt"/>
          <line num="18" count="2498" type="stmt"/>
        </file>
      </package>
      <package name="src.constants">
        <metrics statements="1" coveredstatements="1" conditionals="0" coveredconditionals="0" methods="0" coveredmethods="0"/>
        <file name="index.ts" path="/Users/przemektrzepinski/Documents/Workspace/react-typewriter/src/constants/index.ts">
          <metrics statements="1" coveredstatements="1" conditionals="0" coveredconditionals="0" methods="0" coveredmethods="0"/>
          <line num="1" count="2" type="stmt"/>
        </file>
      </package>
      <package name="src.context">
        <metrics statements="4" coveredstatements="4" conditionals="0" coveredconditionals="0" methods="0" coveredmethods="0"/>
        <file name="index.ts" path="/Users/przemektrzepinski/Documents/Workspace/react-typewriter/src/context/index.ts">
          <metrics statements="4" coveredstatements="4" conditionals="0" coveredconditionals="0" methods="0" coveredmethods="0"/>
          <line num="1" count="2" type="stmt"/>
          <line num="4" count="2" type="stmt"/>
          <line num="14" count="2" type="stmt"/>
          <line num="15" count="2" type="stmt"/>
        </file>
      </package>
      <package name="src.helpers">
        <metrics statements="23" coveredstatements="23" conditionals="22" coveredconditionals="20" methods="3" coveredmethods="3"/>
        <file name="index.ts" path="/Users/przemektrzepinski/Documents/Workspace/react-typewriter/src/helpers/index.ts">
          <metrics statements="1" coveredstatements="1" conditionals="0" coveredconditionals="0" methods="0" coveredmethods="0"/>
          <line num="1" count="1" type="stmt"/>
        </file>
        <file name="wrapChildren.tsx" path="/Users/przemektrzepinski/Documents/Workspace/react-typewriter/src/helpers/wrapChildren.tsx">
          <metrics statements="22" coveredstatements="22" conditionals="22" coveredconditionals="20" methods="3" coveredmethods="3"/>
          <line num="1" count="1" type="stmt"/>
          <line num="3" count="1" type="stmt"/>
          <line num="5" count="1" type="stmt"/>
          <line num="7" count="1" type="stmt"/>
          <line num="9" count="2529" type="cond" truecount="1" falsecount="1"/>
          <line num="10" count="2529" type="cond" truecount="1" falsecount="1"/>
          <line num="12" count="2529" type="stmt"/>
          <line num="14" count="2529" type="stmt"/>
          <line num="16" count="17772" type="stmt"/>
          <line num="20" count="17772" type="stmt"/>
          <line num="21" count="26652" type="cond" truecount="4" falsecount="0"/>
          <line num="22" count="15243" type="stmt"/>
          <line num="28" count="11409" type="cond" truecount="2" falsecount="0"/>
          <line num="29" count="10470" type="stmt"/>
          <line num="30" count="10470" type="stmt"/>
          <line num="32" count="10470" type="cond" truecount="2" falsecount="0"/>
          <line num="33" count="2498" type="stmt"/>
          <line num="38" count="7972" type="cond" truecount="4" falsecount="0"/>
          <line num="44" count="939" type="stmt"/>
          <line num="47" count="17772" type="stmt"/>
          <line num="52" count="2529" type="stmt"/>
          <line num="54" count="2529" type="stmt"/>
        </file>
      </package>
    </metrics>
  </project>
</coverage>
