<?xml version="1.0" encoding="UTF-8"?>
<coverage generated="1547893002739" clover="3.2.0">
  <project timestamp="1547893002740" name="All files">
    <metrics statements="33" coveredstatements="32" conditionals="9" coveredconditionals="9" methods="10" coveredmethods="9" elements="52" coveredelements="50" complexity="0" loc="33" ncloc="33" packages="3" files="4" classes="4">
      <package name="src">
        <metrics statements="8" coveredstatements="7" conditionals="0" coveredconditionals="0" methods="2" coveredmethods="1"/>
        <file name="index.tsx" path="/Users/przemektrzepinski/Documents/Workspace/react-typewriter/src/index.tsx">
          <metrics statements="6" coveredstatements="5" conditionals="0" coveredconditionals="0" methods="2" coveredmethods="1"/>
          <line num="1" count="1" type="stmt"/>
          <line num="3" count="1" type="stmt"/>
          <line num="9" count="1" type="stmt"/>
          <line num="10" count="1" type="stmt"/>
          <line num="11" count="0" type="stmt"/>
          <line num="27" count="1" type="stmt"/>
        </file>
        <file name="setupTests.ts" path="/Users/przemektrzepinski/Documents/Workspace/react-typewriter/src/setupTests.ts">
          <metrics statements="2" coveredstatements="2" conditionals="0" coveredconditionals="0" methods="0" coveredmethods="0"/>
          <line num="1" count="2" type="stmt"/>
          <line num="2" count="2" type="stmt"/>
        </file>
      </package>
      <package name="src.components">
        <metrics statements="24" coveredstatements="24" conditionals="9" coveredconditionals="9" methods="8" coveredmethods="8"/>
        <file name="Text.tsx" path="/Users/przemektrzepinski/Documents/Workspace/react-typewriter/src/components/Text.tsx">
          <metrics statements="24" coveredstatements="24" conditionals="9" coveredconditionals="9" methods="8" coveredmethods="8"/>
          <line num="1" count="2" type="stmt"/>
          <line num="2" count="2" type="stmt"/>
          <line num="3" count="2" type="stmt"/>
          <line num="16" count="2" type="stmt"/>
          <line num="17" count="500" type="stmt"/>
          <line num="18" count="1854" type="stmt"/>
          <line num="22" count="500" type="cond" truecount="3" falsecount="0"/>
          <line num="23" count="2" type="stmt"/>
          <line num="30" count="500" type="stmt"/>
          <line num="34" count="500" type="stmt"/>
          <line num="35" count="500" type="stmt"/>
          <line num="37" count="500" type="stmt"/>
          <line num="39" count="1854" type="stmt"/>
          <line num="41" count="417" type="cond" truecount="2" falsecount="0"/>
          <line num="44" count="2" type="stmt"/>
          <line num="45" count="500" type="stmt"/>
          <line num="48" count="2" type="stmt"/>
          <line num="49" count="2354" type="stmt"/>
          <line num="50" count="2354" type="stmt"/>
          <line num="51" count="2354" type="stmt"/>
          <line num="53" count="574" type="stmt"/>
          <line num="55" count="542" type="stmt"/>
          <line num="58" count="1238" type="stmt"/>
          <line num="61" count="2" type="stmt"/>
        </file>
      </package>
      <package name="src.constants">
        <metrics statements="1" coveredstatements="1" conditionals="0" coveredconditionals="0" methods="0" coveredmethods="0"/>
        <file name="index.ts" path="/Users/przemektrzepinski/Documents/Workspace/react-typewriter/src/constants/index.ts">
          <metrics statements="1" coveredstatements="1" conditionals="0" coveredconditionals="0" methods="0" coveredmethods="0"/>
          <line num="1" count="1" type="stmt"/>
        </file>
      </package>
    </metrics>
  </project>
</coverage>
