{"/Users/przemektrzepinski/Documents/Workspace/react-typewriter/src/index.tsx": {"path":"/Users/przemektrzepinski/Documents/Workspace/react-typewriter/src/index.tsx","statementMap":{"0":{"start":{"line":1,"column":0},"end":{"line":1,"column":30}},"1":{"start":{"line":3,"column":0},"end":{"line":3,"column":36}},"2":{"start":{"line":9,"column":0},"end":{"line":9,"column":61}},"3":{"start":{"line":9,"column":46},"end":{"line":9,"column":68}},"4":{"start":{"line":10,"column":9},"end":{"line":26,"column":3}},"5":{"start":{"line":11,"column":4},"end":{"line":25,"column":6}},"6":{"start":{"line":27,"column":0},"end":{"line":27,"column":1}}},"fnMap":{"0":{"name":"(anonymous_5)","decl":{"start":{"line":9,"column":0},"end":{"line":null,"column":-1}},"loc":{"start":{"line":9,"column":0},"end":{"line":9,"column":-1}}},"1":{"name":"(anonymous_7)","decl":{"start":{"line":10,"column":2},"end":{"line":null,"column":-1}},"loc":{"start":{"line":10,"column":2},"end":{"line":26,"column":3}}}},"branchMap":{},"s":{"0":1,"1":1,"2":1,"3":1,"4":1,"5":0,"6":1},"f":{"0":1,"1":0},"b":{}}
,"/Users/przemektrzepinski/Documents/Workspace/react-typewriter/src/setupTests.ts": {"path":"/Users/przemektrzepinski/Documents/Workspace/react-typewriter/src/setupTests.ts","statementMap":{"0":{"start":{"line":1,"column":0},"end":{"line":1,"column":32}},"1":{"start":{"line":2,"column":0},"end":{"line":2,"column":50}}},"fnMap":{},"branchMap":{},"s":{"0":2,"1":2},"f":{},"b":{}}
,"/Users/przemektrzepinski/Documents/Workspace/react-typewriter/src/components/Text.tsx": {"path":"/Users/przemektrzepinski/Documents/Workspace/react-typewriter/src/components/Text.tsx","statementMap":{"0":{"start":{"line":1,"column":0},"end":{"line":1,"column":30}},"1":{"start":{"line":2,"column":0},"end":{"line":2,"column":45}},"2":{"start":{"line":3,"column":0},"end":{"line":3,"column":42}},"3":{"start":{"line":16,"column":19},"end":{"line":20,"column":3}},"4":{"start":{"line":17,"column":2},"end":{"line":20,"column":3}},"5":{"start":{"line":18,"column":15},"end":{"line":18,"column":22}},"6":{"start":{"line":22,"column":0},"end":{"line":22,"column":49}},"7":{"start":{"line":22,"column":34},"end":{"line":22,"column":63}},"8":{"start":{"line":22,"column":0},"end":{"line":61,"column":0}},"9":{"start":{"line":30,"column":2},"end":{"line":32,"column":4}},"10":{"start":{"line":34,"column":2},"end":{"line":43,"column":3}},"11":{"start":{"line":34,"column":2},"end":{"line":43,"column":2}},"12":{"start":{"line":35,"column":10},"end":{"line":35,"column":61}},"13":{"start":{"line":35,"column":12},"end":{"line":35,"column":24}},"14":{"start":{"line":35,"column":26},"end":{"line":35,"column":34}},"15":{"start":{"line":35,"column":36},"end":{"line":35,"column":46}},"16":{"start":{"line":37,"column":4},"end":{"line":42,"column":7}},"17":{"start":{"line":39,"column":8},"end":{"line":39,"column":44}},"18":{"start":{"line":41,"column":22},"end":{"line":41,"column":48}},"19":{"start":{"line":44,"column":2},"end":{"line":46,"column":3}},"20":{"start":{"line":45,"column":4},"end":{"line":45,"column":36}},"21":{"start":{"line":48,"column":2},"end":{"line":60,"column":3}},"22":{"start":{"line":49,"column":10},"end":{"line":49,"column":41}},"23":{"start":{"line":49,"column":12},"end":{"line":49,"column":20}},"24":{"start":{"line":49,"column":22},"end":{"line":49,"column":26}},"25":{"start":{"line":50,"column":12},"end":{"line":50,"column":28}},"26":{"start":{"line":51,"column":4},"end":{"line":59,"column":5}},"27":{"start":{"line":53,"column":8},"end":{"line":53,"column":59}},"28":{"start":{"line":55,"column":8},"end":{"line":55,"column":80}},"29":{"start":{"line":58,"column":8},"end":{"line":58,"column":62}},"30":{"start":{"line":23,"column":9},"end":{"line":26,"column":4}},"31":{"start":{"line":61,"column":0},"end":{"line":61,"column":1}}},"fnMap":{"0":{"name":"(anonymous_5)","decl":{"start":{"line":16,"column":19},"end":{"line":16,"column":19}},"loc":{"start":{"line":16,"column":55},"end":{"line":20,"column":3}}},"1":{"name":"(anonymous_6)","decl":{"start":{"line":18,"column":8},"end":{"line":18,"column":7}},"loc":{"start":{"line":18,"column":11},"end":{"line":18,"column":22}}},"2":{"name":"(anonymous_7)","decl":{"start":{"line":22,"column":0},"end":{"line":null,"column":-1}},"loc":{"start":{"line":22,"column":0},"end":{"line":22,"column":-1}}},"3":{"name":"(anonymous_9)","decl":{"start":{"line":34,"column":2},"end":{"line":null,"column":-1}},"loc":{"start":{"line":34,"column":2},"end":{"line":43,"column":3}}},"4":{"name":"(anonymous_10)","decl":{"start":{"line":38,"column":12},"end":{"line":38,"column":11}},"loc":{"start":{"line":38,"column":28},"end":{"line":40,"column":7}}},"5":{"name":"(anonymous_11)","decl":{"start":{"line":41,"column":16},"end":{"line":41,"column":21}},"loc":{"start":{"line":41,"column":16},"end":{"line":41,"column":48}}},"6":{"name":"(anonymous_12)","decl":{"start":{"line":44,"column":2},"end":{"line":null,"column":-1}},"loc":{"start":{"line":44,"column":2},"end":{"line":46,"column":3}}},"7":{"name":"(anonymous_13)","decl":{"start":{"line":48,"column":2},"end":{"line":null,"column":-1}},"loc":{"start":{"line":48,"column":2},"end":{"line":60,"column":3}}}},"branchMap":{"0":{"loc":{"start":{"line":22,"column":0},"end":{"line":61,"column":0}},"type":"binary-expr","locations":[{"start":{"line":22,"column":0},"end":{"line":61,"column":0}},{"start":{"line":22,"column":0},"end":{"line":61,"column":0}},{"start":{"line":22,"column":0},"end":{"line":61,"column":0}}]},"1":{"loc":{"start":{"line":41,"column":22},"end":{"line":41,"column":32}},"type":"binary-expr","locations":[{"start":{"line":41,"column":22},"end":{"line":41,"column":32}},{"start":{"line":41,"column":36},"end":{"line":41,"column":48}}]},"2":{"loc":{"start":{"line":52,"column":6},"end":{"line":53,"column":59}},"type":"switch","locations":[{"start":{"line":52,"column":6},"end":{"line":53,"column":59}},{"start":{"line":54,"column":6},"end":{"line":55,"column":80}},{"start":{"line":56,"column":6},"end":{"line":56,"column":18}},{"start":{"line":57,"column":6},"end":{"line":58,"column":62}}]}},"s":{"0":2,"1":2,"2":2,"3":2,"4":500,"5":1854,"6":2,"7":2,"8":500,"9":500,"10":2,"11":500,"12":500,"13":500,"14":500,"15":500,"16":500,"17":1854,"18":417,"19":2,"20":500,"21":2,"22":2354,"23":2354,"24":2354,"25":2354,"26":2354,"27":574,"28":542,"29":1238,"30":2,"31":2},"f":{"0":500,"1":1854,"2":502,"3":500,"4":1854,"5":417,"6":500,"7":2354},"b":{"0":[500,500,500],"1":[417,100],"2":[574,542,1238,1238]}}
,"/Users/przemektrzepinski/Documents/Workspace/react-typewriter/src/constants/index.ts": {"path":"/Users/przemektrzepinski/Documents/Workspace/react-typewriter/src/constants/index.ts","statementMap":{"0":{"start":{"line":1,"column":13},"end":{"line":1,"column":31}}},"fnMap":{},"branchMap":{},"s":{"0":1},"f":{},"b":{}}
}
