{"/Users/przemektrzepinski/Documents/Workspace/react-typewriter/src/setupTests.ts": {"path":"/Users/przemektrzepinski/Documents/Workspace/react-typewriter/src/setupTests.ts","statementMap":{"0":{"start":{"line":1,"column":0},"end":{"line":1,"column":32}},"1":{"start":{"line":2,"column":0},"end":{"line":2,"column":50}}},"fnMap":{},"branchMap":{},"s":{"0":2,"1":2},"f":{},"b":{}}
,"/Users/przemektrzepinski/Documents/Workspace/react-typewriter/src/components/Text.tsx": {"path":"/Users/przemektrzepinski/Documents/Workspace/react-typewriter/src/components/Text.tsx","statementMap":{"0":{"start":{"line":1,"column":0},"end":{"line":1,"column":30}},"1":{"start":{"line":2,"column":0},"end":{"line":2,"column":45}},"2":{"start":{"line":3,"column":0},"end":{"line":3,"column":42}},"3":{"start":{"line":6,"column":0},"end":{"line":6,"column":32}},"4":{"start":{"line":17,"column":19},"end":{"line":21,"column":3}},"5":{"start":{"line":18,"column":2},"end":{"line":21,"column":3}},"6":{"start":{"line":19,"column":15},"end":{"line":19,"column":22}},"7":{"start":{"line":23,"column":0},"end":{"line":23,"column":49}},"8":{"start":{"line":23,"column":34},"end":{"line":23,"column":63}},"9":{"start":{"line":23,"column":0},"end":{"line":79,"column":0}},"10":{"start":{"line":35,"column":2},"end":{"line":37,"column":4}},"11":{"start":{"line":56,"column":2},"end":{"line":69,"column":4}},"12":{"start":{"line":57,"column":12},"end":{"line":57,"column":21}},"13":{"start":{"line":58,"column":12},"end":{"line":58,"column":20}},"14":{"start":{"line":60,"column":4},"end":{"line":68,"column":5}},"15":{"start":{"line":62,"column":8},"end":{"line":62,"column":52}},"16":{"start":{"line":64,"column":8},"end":{"line":64,"column":73}},"17":{"start":{"line":67,"column":8},"end":{"line":67,"column":55}},"18":{"start":{"line":71,"column":2},"end":{"line":74,"column":4}},"19":{"start":{"line":72,"column":12},"end":{"line":72,"column":23}},"20":{"start":{"line":73,"column":4},"end":{"line":73,"column":75}},"21":{"start":{"line":39,"column":2},"end":{"line":51,"column":3}},"22":{"start":{"line":39,"column":2},"end":{"line":51,"column":2}},"23":{"start":{"line":40,"column":12},"end":{"line":40,"column":20}},"24":{"start":{"line":41,"column":10},"end":{"line":41,"column":53}},"25":{"start":{"line":41,"column":12},"end":{"line":41,"column":24}},"26":{"start":{"line":41,"column":26},"end":{"line":41,"column":53}},"27":{"start":{"line":43,"column":4},"end":{"line":50,"column":7}},"28":{"start":{"line":45,"column":8},"end":{"line":48,"column":9}},"29":{"start":{"line":49,"column":22},"end":{"line":49,"column":48}},"30":{"start":{"line":52,"column":2},"end":{"line":54,"column":3}},"31":{"start":{"line":53,"column":4},"end":{"line":53,"column":36}},"32":{"start":{"line":76,"column":2},"end":{"line":78,"column":3}},"33":{"start":{"line":77,"column":4},"end":{"line":77,"column":34}},"34":{"start":{"line":24,"column":9},"end":{"line":26,"column":14}},"35":{"start":{"line":28,"column":9},"end":{"line":31,"column":4}},"36":{"start":{"line":79,"column":0},"end":{"line":79,"column":1}}},"fnMap":{"0":{"name":"(anonymous_8)","decl":{"start":{"line":17,"column":19},"end":{"line":17,"column":19}},"loc":{"start":{"line":17,"column":55},"end":{"line":21,"column":3}}},"1":{"name":"(anonymous_9)","decl":{"start":{"line":19,"column":8},"end":{"line":19,"column":7}},"loc":{"start":{"line":19,"column":11},"end":{"line":19,"column":22}}},"2":{"name":"(anonymous_10)","decl":{"start":{"line":23,"column":0},"end":{"line":null,"column":-1}},"loc":{"start":{"line":23,"column":0},"end":{"line":23,"column":-1}}},"3":{"name":"(anonymous_12)","decl":{"start":{"line":56,"column":19},"end":{"line":56,"column":19}},"loc":{"start":{"line":56,"column":44},"end":{"line":69,"column":3}}},"4":{"name":"(anonymous_13)","decl":{"start":{"line":71,"column":15},"end":{"line":null,"column":-1}},"loc":{"start":{"line":71,"column":15},"end":{"line":74,"column":3}}},"5":{"name":"(anonymous_14)","decl":{"start":{"line":39,"column":2},"end":{"line":null,"column":-1}},"loc":{"start":{"line":39,"column":2},"end":{"line":51,"column":3}}},"6":{"name":"(anonymous_15)","decl":{"start":{"line":44,"column":12},"end":{"line":44,"column":11}},"loc":{"start":{"line":44,"column":17},"end":{"line":48,"column":9}}},"7":{"name":"(anonymous_16)","decl":{"start":{"line":49,"column":16},"end":{"line":49,"column":21}},"loc":{"start":{"line":49,"column":16},"end":{"line":49,"column":48}}},"8":{"name":"(anonymous_17)","decl":{"start":{"line":52,"column":2},"end":{"line":null,"column":-1}},"loc":{"start":{"line":52,"column":2},"end":{"line":54,"column":3}}},"9":{"name":"(anonymous_18)","decl":{"start":{"line":76,"column":2},"end":{"line":null,"column":-1}},"loc":{"start":{"line":76,"column":2},"end":{"line":78,"column":3}}}},"branchMap":{"0":{"loc":{"start":{"line":23,"column":0},"end":{"line":79,"column":0}},"type":"binary-expr","locations":[{"start":{"line":23,"column":0},"end":{"line":79,"column":0}},{"start":{"line":23,"column":0},"end":{"line":79,"column":0}},{"start":{"line":23,"column":0},"end":{"line":79,"column":0}}]},"1":{"loc":{"start":{"line":36,"column":53},"end":{"line":36,"column":55}},"type":"cond-expr","locations":[{"start":{"line":36,"column":53},"end":{"line":36,"column":55}},{"start":{"line":36,"column":58},"end":{"line":36,"column":77}}]},"2":{"loc":{"start":{"line":61,"column":6},"end":{"line":62,"column":52}},"type":"switch","locations":[{"start":{"line":61,"column":6},"end":{"line":62,"column":52}},{"start":{"line":63,"column":6},"end":{"line":64,"column":73}},{"start":{"line":65,"column":6},"end":{"line":65,"column":18}},{"start":{"line":66,"column":6},"end":{"line":67,"column":55}}]},"3":{"loc":{"start":{"line":73,"column":11},"end":{"line":73,"column":34}},"type":"binary-expr","locations":[{"start":{"line":73,"column":11},"end":{"line":73,"column":34}},{"start":{"line":73,"column":38},"end":{"line":73,"column":74}}]},"4":{"loc":{"start":{"line":49,"column":22},"end":{"line":49,"column":32}},"type":"binary-expr","locations":[{"start":{"line":49,"column":22},"end":{"line":49,"column":32}},{"start":{"line":49,"column":36},"end":{"line":49,"column":48}}]}},"s":{"0":2,"1":2,"2":2,"3":2,"4":2,"5":3098,"6":15142,"7":2,"8":2,"9":3098,"10":3098,"11":3098,"12":15142,"13":15142,"14":15142,"15":4172,"16":4117,"17":6853,"18":3098,"19":15142,"20":15142,"21":2,"22":3098,"23":3098,"24":3098,"25":3098,"26":3098,"27":3098,"28":15142,"29":3011,"30":2,"31":3098,"32":2,"33":18240,"34":2,"35":2,"36":2},"f":{"0":3098,"1":15142,"2":3100,"3":15142,"4":15142,"5":3098,"6":15142,"7":3011,"8":3098,"9":18240},"b":{"0":[3098,3098,3098],"1":[1109,1989],"2":[4172,4117,5431,6853],"3":[15142,918],"4":[3011,1329]}}
,"/Users/przemektrzepinski/Documents/Workspace/react-typewriter/src/components/TextAnimation.tsx": {"path":"/Users/przemektrzepinski/Documents/Workspace/react-typewriter/src/components/TextAnimation.tsx","statementMap":{"0":{"start":{"line":1,"column":0},"end":{"line":1,"column":30}},"1":{"start":{"line":3,"column":0},"end":{"line":3,"column":42}},"2":{"start":{"line":5,"column":0},"end":{"line":5,"column":37}},"3":{"start":{"line":20,"column":0},"end":{"line":20,"column":53}},"4":{"start":{"line":20,"column":38},"end":{"line":20,"column":67}},"5":{"start":{"line":20,"column":0},"end":{"line":58,"column":0}},"6":{"start":{"line":26,"column":2},"end":{"line":28,"column":4}},"7":{"start":{"line":30,"column":2},"end":{"line":33,"column":8}},"8":{"start":{"line":31,"column":4},"end":{"line":33,"column":7}},"9":{"start":{"line":31,"column":21},"end":{"line":31,"column":37}},"10":{"start":{"line":31,"column":44},"end":{"line":33,"column":6}},"11":{"start":{"line":35,"column":2},"end":{"line":57,"column":3}},"12":{"start":{"line":36,"column":10},"end":{"line":36,"column":79}},"13":{"start":{"line":36,"column":12},"end":{"line":36,"column":20}},"14":{"start":{"line":36,"column":22},"end":{"line":36,"column":34}},"15":{"start":{"line":36,"column":36},"end":{"line":36,"column":45}},"16":{"start":{"line":36,"column":47},"end":{"line":36,"column":57}},"17":{"start":{"line":36,"column":59},"end":{"line":36,"column":79}},"18":{"start":{"line":37,"column":12},"end":{"line":37,"column":28}},"19":{"start":{"line":38,"column":10},"end":{"line":42,"column":5}},"20":{"start":{"line":38,"column":12},"end":{"line":38,"column":18}},"21":{"start":{"line":38,"column":20},"end":{"line":42,"column":5}},"22":{"start":{"line":44,"column":4},"end":{"line":56,"column":6}},"23":{"start":{"line":21,"column":9},"end":{"line":24,"column":4}},"24":{"start":{"line":58,"column":0},"end":{"line":58,"column":1}}},"fnMap":{"0":{"name":"(anonymous_7)","decl":{"start":{"line":20,"column":0},"end":{"line":null,"column":-1}},"loc":{"start":{"line":20,"column":0},"end":{"line":20,"column":-1}}},"1":{"name":"(anonymous_9)","decl":{"start":{"line":30,"column":24},"end":{"line":null,"column":-1}},"loc":{"start":{"line":30,"column":24},"end":{"line":33,"column":7}}},"2":{"name":"(anonymous_10)","decl":{"start":{"line":31,"column":18},"end":{"line":31,"column":18}},"loc":{"start":{"line":31,"column":39},"end":{"line":33,"column":6}}},"3":{"name":"(anonymous_11)","decl":{"start":{"line":35,"column":2},"end":{"line":null,"column":-1}},"loc":{"start":{"line":35,"column":2},"end":{"line":57,"column":3}}}},"branchMap":{"0":{"loc":{"start":{"line":20,"column":0},"end":{"line":58,"column":0}},"type":"binary-expr","locations":[{"start":{"line":20,"column":0},"end":{"line":58,"column":0}},{"start":{"line":20,"column":0},"end":{"line":58,"column":0}},{"start":{"line":20,"column":0},"end":{"line":58,"column":0}}]},"1":{"loc":{"start":{"line":49,"column":35},"end":{"line":49,"column":39}},"type":"cond-expr","locations":[{"start":{"line":49,"column":35},"end":{"line":49,"column":39}},{"start":{"line":49,"column":42},"end":{"line":49,"column":66}}]}},"s":{"0":1,"1":1,"2":1,"3":1,"4":1,"5":1300,"6":1300,"7":1300,"8":1229,"9":1229,"10":1229,"11":1,"12":2529,"13":2529,"14":2529,"15":2529,"16":2529,"17":2529,"18":2529,"19":2529,"20":2529,"21":2529,"22":2529,"23":1,"24":1},"f":{"0":1301,"1":1229,"2":1229,"3":2529},"b":{"0":[1300,1300,1300],"1":[1269,1260]}}
,"/Users/przemektrzepinski/Documents/Workspace/react-typewriter/src/components/TextWrapper.tsx": {"path":"/Users/przemektrzepinski/Documents/Workspace/react-typewriter/src/components/TextWrapper.tsx","statementMap":{"0":{"start":{"line":1,"column":0},"end":{"line":1,"column":30}},"1":{"start":{"line":2,"column":0},"end":{"line":2,"column":37}},"2":{"start":{"line":3,"column":0},"end":{"line":3,"column":25}},"3":{"start":{"line":10,"column":0},"end":{"line":26,"column":2}},"4":{"start":{"line":10,"column":18},"end":{"line":10,"column":22}},"5":{"start":{"line":10,"column":36},"end":{"line":26,"column":1}},"6":{"start":{"line":13,"column":6},"end":{"line":13,"column":11}},"7":{"start":{"line":14,"column":6},"end":{"line":14,"column":15}},"8":{"start":{"line":18,"column":10},"end":{"line":24,"column":5}}},"fnMap":{"0":{"name":"(anonymous_2)","decl":{"start":{"line":10,"column":15},"end":{"line":10,"column":15}},"loc":{"start":{"line":10,"column":31},"end":{"line":26,"column":1}}},"1":{"name":"(anonymous_3)","decl":{"start":{"line":12,"column":5},"end":{"line":12,"column":5}},"loc":{"start":{"line":18,"column":5},"end":{"line":24,"column":5}}}},"branchMap":{"0":{"loc":{"start":{"line":20,"column":9},"end":{"line":20,"column":31}},"type":"binary-expr","locations":[{"start":{"line":20,"column":9},"end":{"line":20,"column":31}},{"start":{"line":20,"column":36},"end":{"line":20,"column":41}},{"start":{"line":20,"column":45},"end":{"line":20,"column":49}}]},"1":{"loc":{"start":{"line":22,"column":9},"end":{"line":22,"column":31}},"type":"binary-expr","locations":[{"start":{"line":22,"column":9},"end":{"line":22,"column":31}},{"start":{"line":22,"column":36},"end":{"line":22,"column":41}},{"start":{"line":22,"column":45},"end":{"line":22,"column":49}}]}},"s":{"0":1,"1":1,"2":1,"3":1,"4":2498,"5":2498,"6":2498,"7":2498,"8":2498},"f":{"0":2498,"1":2498},"b":{"0":[2498,697,697],"1":[2498,1801,1501]}}
,"/Users/przemektrzepinski/Documents/Workspace/react-typewriter/src/constants/index.ts": {"path":"/Users/przemektrzepinski/Documents/Workspace/react-typewriter/src/constants/index.ts","statementMap":{"0":{"start":{"line":1,"column":13},"end":{"line":1,"column":31}}},"fnMap":{},"branchMap":{},"s":{"0":2},"f":{},"b":{}}
,"/Users/przemektrzepinski/Documents/Workspace/react-typewriter/src/context/index.ts": {"path":"/Users/przemektrzepinski/Documents/Workspace/react-typewriter/src/context/index.ts","statementMap":{"0":{"start":{"line":1,"column":0},"end":{"line":1,"column":30}},"1":{"start":{"line":4,"column":16},"end":{"line":12,"column":2}},"2":{"start":{"line":14,"column":0},"end":{"line":14,"column":23}},"3":{"start":{"line":15,"column":15},"end":{"line":15,"column":46}}},"fnMap":{},"branchMap":{},"s":{"0":2,"1":2,"2":2,"3":2},"f":{},"b":{}}
,"/Users/przemektrzepinski/Documents/Workspace/react-typewriter/src/helpers/index.ts": {"path":"/Users/przemektrzepinski/Documents/Workspace/react-typewriter/src/helpers/index.ts","statementMap":{"0":{"start":{"line":1,"column":0},"end":{"line":1,"column":58}},"1":{"start":{"line":1,"column":9},"end":{"line":1,"column":33}}},"fnMap":{},"branchMap":{},"s":{"0":1,"1":1},"f":{},"b":{}}
,"/Users/przemektrzepinski/Documents/Workspace/react-typewriter/src/helpers/wrapChildren.tsx": {"path":"/Users/przemektrzepinski/Documents/Workspace/react-typewriter/src/helpers/wrapChildren.tsx","statementMap":{"0":{"start":{"line":1,"column":0},"end":{"line":1,"column":30}},"1":{"start":{"line":3,"column":0},"end":{"line":3,"column":51}},"2":{"start":{"line":5,"column":0},"end":{"line":5,"column":43}},"3":{"start":{"line":9,"column":2},"end":{"line":9,"column":30}},"4":{"start":{"line":10,"column":2},"end":{"line":10,"column":31}},"5":{"start":{"line":12,"column":20},"end":{"line":12,"column":21}},"6":{"start":{"line":14,"column":23},"end":{"line":50,"column":3}},"7":{"start":{"line":16,"column":6},"end":{"line":18,"column":42}},"8":{"start":{"line":20,"column":28},"end":{"line":45,"column":6}},"9":{"start":{"line":21,"column":6},"end":{"line":26,"column":7}},"10":{"start":{"line":22,"column":8},"end":{"line":25,"column":11}},"11":{"start":{"line":28,"column":6},"end":{"line":42,"column":7}},"12":{"start":{"line":29,"column":29},"end":{"line":29,"column":59}},"13":{"start":{"line":30,"column":8},"end":{"line":30,"column":22}},"14":{"start":{"line":32,"column":8},"end":{"line":36,"column":9}},"15":{"start":{"line":33,"column":10},"end":{"line":35,"column":12}},"16":{"start":{"line":38,"column":8},"end":{"line":41,"column":18}},"17":{"start":{"line":44,"column":6},"end":{"line":44,"column":19}},"18":{"start":{"line":47,"column":4},"end":{"line":49,"column":24}},"19":{"start":{"line":52,"column":17},"end":{"line":52,"column":42}},"20":{"start":{"line":54,"column":2},"end":{"line":57,"column":4}},"21":{"start":{"line":7,"column":0},"end":{"line":58,"column":1}}},"fnMap":{"0":{"name":"default_1","decl":{"start":{"line":7,"column":0},"end":{"line":8,"column":1}},"loc":{"start":{"line":10,"column":31},"end":{"line":58,"column":1}}},"1":{"name":"(anonymous_5)","decl":{"start":{"line":14,"column":23},"end":{"line":14,"column":23}},"loc":{"start":{"line":14,"column":49},"end":{"line":50,"column":3}}},"2":{"name":"(anonymous_6)","decl":{"start":{"line":20,"column":46},"end":{"line":20,"column":45}},"loc":{"start":{"line":20,"column":51},"end":{"line":45,"column":5}}}},"branchMap":{"0":{"loc":{"start":{"line":9,"column":2},"end":{"line":9,"column":30}},"type":"if","locations":[{"start":{"line":9,"column":2},"end":{"line":9,"column":30}},{"start":{"line":9,"column":2},"end":{"line":9,"column":30}}]},"1":{"loc":{"start":{"line":10,"column":2},"end":{"line":10,"column":31}},"type":"if","locations":[{"start":{"line":10,"column":2},"end":{"line":10,"column":31}},{"start":{"line":10,"column":2},"end":{"line":10,"column":31}}]},"2":{"loc":{"start":{"line":17,"column":10},"end":{"line":17,"column":52}},"type":"cond-expr","locations":[{"start":{"line":17,"column":10},"end":{"line":17,"column":52}},{"start":{"line":18,"column":10},"end":{"line":18,"column":42}}]},"3":{"loc":{"start":{"line":21,"column":6},"end":{"line":26,"column":7}},"type":"if","locations":[{"start":{"line":21,"column":6},"end":{"line":26,"column":7}},{"start":{"line":21,"column":6},"end":{"line":26,"column":7}}]},"4":{"loc":{"start":{"line":21,"column":10},"end":{"line":21,"column":52}},"type":"binary-expr","locations":[{"start":{"line":21,"column":10},"end":{"line":21,"column":52}},{"start":{"line":21,"column":56},"end":{"line":21,"column":76}}]},"5":{"loc":{"start":{"line":28,"column":6},"end":{"line":42,"column":7}},"type":"if","locations":[{"start":{"line":28,"column":6},"end":{"line":42,"column":7}},{"start":{"line":28,"column":6},"end":{"line":42,"column":7}}]},"6":{"loc":{"start":{"line":32,"column":8},"end":{"line":36,"column":9}},"type":"if","locations":[{"start":{"line":32,"column":8},"end":{"line":36,"column":9}},{"start":{"line":32,"column":8},"end":{"line":36,"column":9}}]},"7":{"loc":{"start":{"line":40,"column":12},"end":{"line":40,"column":24}},"type":"cond-expr","locations":[{"start":{"line":40,"column":12},"end":{"line":40,"column":24}},{"start":{"line":41,"column":12},"end":{"line":41,"column":17}}]},"8":{"loc":{"start":{"line":38,"column":16},"end":{"line":38,"column":32}},"type":"binary-expr","locations":[{"start":{"line":38,"column":16},"end":{"line":38,"column":32}},{"start":{"line":38,"column":36},"end":{"line":38,"column":56}},{"start":{"line":39,"column":11},"end":{"line":39,"column":27}},{"start":{"line":39,"column":31},"end":{"line":39,"column":51}}]},"9":{"loc":{"start":{"line":48,"column":8},"end":{"line":48,"column":33}},"type":"cond-expr","locations":[{"start":{"line":48,"column":8},"end":{"line":48,"column":33}},{"start":{"line":49,"column":8},"end":{"line":49,"column":23}}]}},"s":{"0":1,"1":1,"2":1,"3":2529,"4":2529,"5":2529,"6":2529,"7":17772,"8":17772,"9":26652,"10":15243,"11":11409,"12":10470,"13":10470,"14":10470,"15":2498,"16":7972,"17":939,"18":17772,"19":2529,"20":2529,"21":1},"f":{"0":2529,"1":17772,"2":26652},"b":{"0":[0,2529],"1":[0,2529],"2":[5491,12281],"3":[15243,11409],"4":[26652,16182],"5":[10470,939],"6":[2498,7972],"7":[3986,3986],"8":[7972,3986,6618,3986],"9":[5491,12281]}}
}
