TN:
SF:/Users/przemektrzepinski/Documents/Workspace/react-typewriter/src/index.tsx
FN:9,(anonymous_5)
FN:10,(anonymous_7)
FNF:2
FNH:1
FNDA:1,(anonymous_5)
FNDA:0,(anonymous_7)
DA:1,1
DA:3,1
DA:9,1
DA:10,1
DA:11,0
DA:27,1
LF:6
LH:5
BRF:0
BRH:0
end_of_record
TN:
SF:/Users/przemektrzepinski/Documents/Workspace/react-typewriter/src/setupTests.ts
FNF:0
FNH:0
DA:1,2
DA:2,2
LF:2
LH:2
BRF:0
BRH:0
end_of_record
TN:
SF:/Users/przemektrzepinski/Documents/Workspace/react-typewriter/src/components/Text.tsx
FN:16,(anonymous_5)
FN:18,(anonymous_6)
FN:22,(anonymous_7)
FN:34,(anonymous_9)
FN:38,(anonymous_10)
FN:41,(anonymous_11)
FN:44,(anonymous_12)
FN:48,(anonymous_13)
FNF:8
FNH:8
FNDA:500,(anonymous_5)
FNDA:1854,(anonymous_6)
FNDA:502,(anonymous_7)
FNDA:500,(anonymous_9)
FNDA:1854,(anonymous_10)
FNDA:417,(anonymous_11)
FNDA:500,(anonymous_12)
FNDA:2354,(anonymous_13)
DA:1,2
DA:2,2
DA:3,2
DA:16,2
DA:17,500
DA:18,1854
DA:22,500
DA:23,2
DA:30,500
DA:34,500
DA:35,500
DA:37,500
DA:39,1854
DA:41,417
DA:44,2
DA:45,500
DA:48,2
DA:49,2354
DA:50,2354
DA:51,2354
DA:53,574
DA:55,542
DA:58,1238
DA:61,2
LF:24
LH:24
BRDA:22,0,0,500
BRDA:22,0,1,500
BRDA:22,0,2,500
BRDA:41,1,0,417
BRDA:41,1,1,100
BRDA:52,2,0,574
BRDA:52,2,1,542
BRDA:52,2,2,1238
BRDA:52,2,3,1238
BRF:9
BRH:9
end_of_record
TN:
SF:/Users/przemektrzepinski/Documents/Workspace/react-typewriter/src/constants/index.ts
FNF:0
FNH:0
DA:1,1
LF:1
LH:1
BRF:0
BRH:0
end_of_record
