TN:
SF:/Users/przemektrzepinski/Documents/Workspace/react-typewriter/src/setupTests.ts
FNF:0
FNH:0
DA:1,2
DA:2,2
LF:2
LH:2
BRF:0
BRH:0
end_of_record
TN:
SF:/Users/przemektrzepinski/Documents/Workspace/react-typewriter/src/components/Text.tsx
FN:17,(anonymous_8)
FN:19,(anonymous_9)
FN:23,(anonymous_10)
FN:56,(anonymous_12)
FN:71,(anonymous_13)
FN:39,(anonymous_14)
FN:44,(anonymous_15)
FN:49,(anonymous_16)
FN:52,(anonymous_17)
FN:76,(anonymous_18)
FNF:10
FNH:10
FNDA:3098,(anonymous_8)
FNDA:15142,(anonymous_9)
FNDA:3100,(anonymous_10)
FNDA:15142,(anonymous_12)
FNDA:15142,(anonymous_13)
FNDA:3098,(anonymous_14)
FNDA:15142,(anonymous_15)
FNDA:3011,(anonymous_16)
FNDA:3098,(anonymous_17)
FNDA:18240,(anonymous_18)
DA:1,2
DA:2,2
DA:3,2
DA:6,2
DA:17,2
DA:18,3098
DA:19,15142
DA:23,3098
DA:24,2
DA:28,2
DA:35,3098
DA:39,3098
DA:40,3098
DA:41,3098
DA:43,3098
DA:45,15142
DA:49,3011
DA:52,2
DA:53,3098
DA:56,3098
DA:57,15142
DA:58,15142
DA:60,15142
DA:62,4172
DA:64,4117
DA:67,6853
DA:71,3098
DA:72,15142
DA:73,15142
DA:76,2
DA:77,18240
DA:79,2
LF:32
LH:32
BRDA:23,0,0,3098
BRDA:23,0,1,3098
BRDA:23,0,2,3098
BRDA:36,1,0,1109
BRDA:36,1,1,1989
BRDA:61,2,0,4172
BRDA:61,2,1,4117
BRDA:61,2,2,5431
BRDA:61,2,3,6853
BRDA:73,3,0,15142
BRDA:73,3,1,918
BRDA:49,4,0,3011
BRDA:49,4,1,1329
BRF:13
BRH:13
end_of_record
TN:
SF:/Users/przemektrzepinski/Documents/Workspace/react-typewriter/src/components/TextAnimation.tsx
FN:20,(anonymous_7)
FN:30,(anonymous_9)
FN:31,(anonymous_10)
FN:35,(anonymous_11)
FNF:4
FNH:4
FNDA:1301,(anonymous_7)
FNDA:1229,(anonymous_9)
FNDA:1229,(anonymous_10)
FNDA:2529,(anonymous_11)
DA:1,1
DA:3,1
DA:5,1
DA:20,1300
DA:21,1
DA:26,1300
DA:30,1300
DA:31,1229
DA:35,1
DA:36,2529
DA:37,2529
DA:38,2529
DA:44,2529
DA:58,1
LF:14
LH:14
BRDA:20,0,0,1300
BRDA:20,0,1,1300
BRDA:20,0,2,1300
BRDA:49,1,0,1269
BRDA:49,1,1,1260
BRF:5
BRH:5
end_of_record
TN:
SF:/Users/przemektrzepinski/Documents/Workspace/react-typewriter/src/components/TextWrapper.tsx
FN:10,(anonymous_2)
FN:12,(anonymous_3)
FNF:2
FNH:2
FNDA:2498,(anonymous_2)
FNDA:2498,(anonymous_3)
DA:1,1
DA:2,1
DA:3,1
DA:10,2498
DA:13,2498
DA:14,2498
DA:18,2498
LF:7
LH:7
BRDA:20,0,0,2498
BRDA:20,0,1,697
BRDA:20,0,2,697
BRDA:22,1,0,2498
BRDA:22,1,1,1801
BRDA:22,1,2,1501
BRF:6
BRH:6
end_of_record
TN:
SF:/Users/przemektrzepinski/Documents/Workspace/react-typewriter/src/constants/index.ts
FNF:0
FNH:0
DA:1,2
LF:1
LH:1
BRF:0
BRH:0
end_of_record
TN:
SF:/Users/przemektrzepinski/Documents/Workspace/react-typewriter/src/context/index.ts
FNF:0
FNH:0
DA:1,2
DA:4,2
DA:14,2
DA:15,2
LF:4
LH:4
BRF:0
BRH:0
end_of_record
TN:
SF:/Users/przemektrzepinski/Documents/Workspace/react-typewriter/src/helpers/index.ts
FNF:0
FNH:0
DA:1,1
LF:1
LH:1
BRF:0
BRH:0
end_of_record
TN:
SF:/Users/przemektrzepinski/Documents/Workspace/react-typewriter/src/helpers/wrapChildren.tsx
FN:7,default_1
FN:14,(anonymous_5)
FN:20,(anonymous_6)
FNF:3
FNH:3
FNDA:2529,default_1
FNDA:17772,(anonymous_5)
FNDA:26652,(anonymous_6)
DA:1,1
DA:3,1
DA:5,1
DA:7,1
DA:9,2529
DA:10,2529
DA:12,2529
DA:14,2529
DA:16,17772
DA:20,17772
DA:21,26652
DA:22,15243
DA:28,11409
DA:29,10470
DA:30,10470
DA:32,10470
DA:33,2498
DA:38,7972
DA:44,939
DA:47,17772
DA:52,2529
DA:54,2529
LF:22
LH:22
BRDA:9,0,0,0
BRDA:9,0,1,2529
BRDA:10,1,0,0
BRDA:10,1,1,2529
BRDA:17,2,0,5491
BRDA:17,2,1,12281
BRDA:21,3,0,15243
BRDA:21,3,1,11409
BRDA:21,4,0,26652
BRDA:21,4,1,16182
BRDA:28,5,0,10470
BRDA:28,5,1,939
BRDA:32,6,0,2498
BRDA:32,6,1,7972
BRDA:40,7,0,3986
BRDA:40,7,1,3986
BRDA:38,8,0,7972
BRDA:38,8,1,3986
BRDA:38,8,2,6618
BRDA:38,8,3,3986
BRDA:48,9,0,5491
BRDA:48,9,1,12281
BRF:22
BRH:20
end_of_record
